# JRE version: OpenJDK Runtime Environment (21.0.10) (build 21.0.10+-14961533-b1163.108)
# Java VM: OpenJDK 64-Bit Server VM (21.0.10+-14961533-b1163.108, mixed mode, tiered, compressed oops, compressed class ptrs, g1 gc, windows-amd64)
GC Precious Log:
 CardTable entry size: 512
 Card Set container configuration: InlinePtr #cards 4 size 8 Array Of Cards #cards 32 size 80 Howl #buckets 8 coarsen threshold 7372 Howl Bitmap #cards 1024 size 144 coarsen threshold 921 Card regions per heap region 1 cards per card region 8192
 CPUs: 4 total, 4 available
 Memory: 3834M
 Large Page Support: Disabled
 NUMA Support: Disabled
 Compressed Oops: Enabled (Zero based)
 Heap Region Size: 4M
 Heap Min Capacity: 8M
 Heap Initial Capacity: 60M
 Heap Max Capacity: 8G
 Pre-touch: Disabled
 Parallel Workers: 4
 Concurrent Workers: 1
 Concurrent Refinement Workers: 4
 Periodic GC: Disabled
Heap:
 garbage-first heap   total 1134592K, used 112707K [0x0000000600000000, 0x0000000800000000)
  region size 4096K, 2 young (8192K), 2 survivors (8192K)
 Metaspace       used 53279K, committed 54592K, reserved 1114112K
  class space    used 7033K, committed 7680K, reserved 1048576K
GC Heap History (20 events):
Event: 197.450 GC heap after
{Heap after GC invocations=89 (full 0):
 garbage-first heap   total 1134592K, used 109019K [0x0000000600000000, 0x0000000800000000)
  region size 4096K, 1 young (4096K), 1 survivors (4096K)
 Metaspace       used 53242K, committed 54592K, reserved 1114112K
  class space    used 7031K, committed 7680K, reserved 1048576K
}
Event: 198.390 GC heap before
{Heap before GC invocations=89 (full 0):
 garbage-first heap   total 1134592K, used 158171K [0x0000000600000000, 0x0000000800000000)
  region size 4096K, 13 young (53248K), 1 survivors (4096K)
 Metaspace       used 53248K, committed 54592K, reserved 1114112K
  class space    used 7031K, committed 7680K, reserved 1048576K
}
Event: 198.391 GC heap after
{Heap after GC invocations=90 (full 0):
 garbage-first heap   total 1134592K, used 106141K [0x0000000600000000, 0x0000000800000000)
  region size 4096K, 1 young (4096K), 1 survivors (4096K)
 Metaspace       used 53248K, committed 54592K, reserved 1114112K
  class space    used 7031K, committed 7680K, reserved 1048576K
}
Event: 199.052 GC heap before
{Heap before GC invocations=90 (full 0):
 garbage-first heap   total 1134592K, used 155293K [0x0000000600000000, 0x0000000800000000)
  region size 4096K, 13 young (53248K), 1 survivors (4096K)
 Metaspace       used 53265K, committed 54592K, reserved 1114112K
  class space    used 7032K, committed 7680K, reserved 1048576K
}
Event: 199.055 GC heap after
{Heap after GC invocations=91 (full 0):
 garbage-first heap   total 1134592K, used 106124K [0x0000000600000000, 0x0000000800000000)
  region size 4096K, 1 young (4096K), 1 survivors (4096K)
 Metaspace       used 53265K, committed 54592K, reserved 1114112K
  class space    used 7032K, committed 7680K, reserved 1048576K
}
Event: 199.587 GC heap before
{Heap before GC invocations=91 (full 0):
 garbage-first heap   total 1134592K, used 155276K [0x0000000600000000, 0x0000000800000000)
  region size 4096K, 13 young (53248K), 1 survivors (4096K)
 Metaspace       used 53268K, committed 54592K, reserved 1114112K
  class space    used 7032K, committed 7680K, reserved 1048576K
}
Event: 199.592 GC heap after
{Heap after GC invocations=92 (full 0):
 garbage-first heap   total 1134592K, used 106719K [0x0000000600000000, 0x0000000800000000)
  region size 4096K, 1 young (4096K), 1 survivors (4096K)
 Metaspace       used 53268K, committed 54592K, reserved 1114112K
  class space    used 7032K, committed 7680K, reserved 1048576K
}
Event: 199.981 GC heap before
{Heap before GC invocations=92 (full 0):
 garbage-first heap   total 1134592K, used 155871K [0x0000000600000000, 0x0000000800000000)
  region size 4096K, 13 young (53248K), 1 survivors (4096K)
 Metaspace       used 53268K, committed 54592K, reserved 1114112K
  class space    used 7032K, committed 7680K, reserved 1048576K
}
Event: 199.985 GC heap after
{Heap after GC invocations=93 (full 0):
 garbage-first heap   total 1134592K, used 107275K [0x0000000600000000, 0x0000000800000000)
  region size 4096K, 1 young (4096K), 1 survivors (4096K)
 Metaspace       used 53268K, committed 54592K, reserved 1114112K
  class space    used 7032K, committed 7680K, reserved 1048576K
}
Event: 200.377 GC heap before
{Heap before GC invocations=93 (full 0):
 garbage-first heap   total 1134592K, used 156427K [0x0000000600000000, 0x0000000800000000)
  region size 4096K, 13 young (53248K), 1 survivors (4096K)
 Metaspace       used 53270K, committed 54592K, reserved 1114112K
  class space    used 7032K, committed 7680K, reserved 1048576K
}
Event: 200.384 GC heap after
{Heap after GC invocations=94 (full 0):
 garbage-first heap   total 1134592K, used 108142K [0x0000000600000000, 0x0000000800000000)
  region size 4096K, 1 young (4096K), 1 survivors (4096K)
 Metaspace       used 53270K, committed 54592K, reserved 1114112K
  class space    used 7032K, committed 7680K, reserved 1048576K
}
Event: 200.657 GC heap before
{Heap before GC invocations=94 (full 0):
 garbage-first heap   total 1134592K, used 157294K [0x0000000600000000, 0x0000000800000000)
  region size 4096K, 13 young (53248K), 1 survivors (4096K)
 Metaspace       used 53270K, committed 54592K, reserved 1114112K
  class space    used 7032K, committed 7680K, reserved 1048576K
}
Event: 200.663 GC heap after
{Heap after GC invocations=95 (full 0):
 garbage-first heap   total 1134592K, used 108389K [0x0000000600000000, 0x0000000800000000)
  region size 4096K, 1 young (4096K), 1 survivors (4096K)
 Metaspace       used 53270K, committed 54592K, reserved 1114112K
  class space    used 7032K, committed 7680K, reserved 1048576K
}
Event: 201.147 GC heap before
{Heap before GC invocations=95 (full 0):
 garbage-first heap   total 1134592K, used 157541K [0x0000000600000000, 0x0000000800000000)
  region size 4096K, 13 young (53248K), 1 survivors (4096K)
 Metaspace       used 53270K, committed 54592K, reserved 1114112K
  class space    used 7032K, committed 7680K, reserved 1048576K
}
Event: 201.155 GC heap after
{Heap after GC invocations=96 (full 0):
 garbage-first heap   total 1134592K, used 109177K [0x0000000600000000, 0x0000000800000000)
  region size 4096K, 2 young (8192K), 2 survivors (8192K)
 Metaspace       used 53270K, committed 54592K, reserved 1114112K
  class space    used 7032K, committed 7680K, reserved 1048576K
}
Event: 201.357 GC heap before
{Heap before GC invocations=96 (full 0):
 garbage-first heap   total 1134592K, used 154233K [0x0000000600000000, 0x0000000800000000)
  region size 4096K, 13 young (53248K), 2 survivors (8192K)
 Metaspace       used 53273K, committed 54592K, reserved 1114112K
  class space    used 7032K, committed 7680K, reserved 1048576K
}
Event: 201.361 GC heap after
{Heap after GC invocations=97 (full 0):
 garbage-first heap   total 1134592K, used 109567K [0x0000000600000000, 0x0000000800000000)
  region size 4096K, 2 young (8192K), 2 survivors (8192K)
 Metaspace       used 53273K, committed 54592K, reserved 1114112K
  class space    used 7032K, committed 7680K, reserved 1048576K
}
Event: 202.125 GC heap before
{Heap before GC invocations=97 (full 0):
 garbage-first heap   total 1134592K, used 195583K [0x0000000600000000, 0x0000000800000000)
  region size 4096K, 23 young (94208K), 2 survivors (8192K)
 Metaspace       used 53274K, committed 54592K, reserved 1114112K
  class space    used 7032K, committed 7680K, reserved 1048576K
}
Event: 202.157 GC heap after
{Heap after GC invocations=98 (full 0):
 garbage-first heap   total 1134592K, used 110661K [0x0000000600000000, 0x0000000800000000)
  region size 4096K, 2 young (8192K), 2 survivors (8192K)
 Metaspace       used 53274K, committed 54592K, reserved 1114112K
  class space    used 7032K, committed 7680K, reserved 1048576K
}
Event: 204.434 GC heap before
{Heap before GC invocations=98 (full 0):
 garbage-first heap   total 1134592K, used 254021K [0x0000000600000000, 0x0000000800000000)
  region size 4096K, 37 young (151552K), 2 survivors (8192K)
 Metaspace       used 53279K, committed 54592K, reserved 1114112K
  class space    used 7033K, committed 7680K, reserved 1048576K
}

