# JRE version: OpenJDK Runtime Environment (21.0.10) (build 21.0.10+-14961533-b1163.108)
# Java VM: OpenJDK 64-Bit Server VM (21.0.10+-14961533-b1163.108, mixed mode, tiered, compressed oops, compressed class ptrs, g1 gc, windows-amd64)
GC Precious Log:
 CardTable entry size: 512
 Card Set container configuration: InlinePtr #cards 4 size 8 Array Of Cards #cards 32 size 80 Howl #buckets 8 coarsen threshold 7372 Howl Bitmap #cards 1024 size 144 coarsen threshold 921 Card regions per heap region 1 cards per card region 8192
 CPUs: 4 total, 4 available
 Memory: 3834M
 Large Page Support: Disabled
 NUMA Support: Disabled
 Compressed Oops: Enabled (Zero based)
 Heap Region Size: 4M
 Heap Min Capacity: 8M
 Heap Initial Capacity: 60M
 Heap Max Capacity: 8G
 Pre-touch: Disabled
 Parallel Workers: 4
 Concurrent Workers: 1
 Concurrent Refinement Workers: 4
 Periodic GC: Disabled
Heap:
 garbage-first heap   total 1028096K, used 53464K [0x0000000600000000, 0x0000000800000000)
  region size 4096K, 2 young (8192K), 2 survivors (8192K)
 Metaspace       used 48631K, committed 49920K, reserved 1114112K
  class space    used 6559K, committed 7168K, reserved 1048576K
GC Heap History (20 events):
Event: 269.334 GC heap after
{Heap after GC invocations=69 (full 0):
 garbage-first heap   total 761856K, used 44249K [0x0000000600000000, 0x0000000800000000)
  region size 4096K, 2 young (8192K), 2 survivors (8192K)
 Metaspace       used 48589K, committed 49856K, reserved 1114112K
  class space    used 6559K, committed 7168K, reserved 1048576K
}
Event: 270.778 GC heap before
{Heap before GC invocations=69 (full 0):
 garbage-first heap   total 761856K, used 101593K [0x0000000600000000, 0x0000000800000000)
  region size 4096K, 16 young (65536K), 2 survivors (8192K)
 Metaspace       used 48592K, committed 49856K, reserved 1114112K
  class space    used 6559K, committed 7168K, reserved 1048576K
}
Event: 270.794 GC heap after
{Heap after GC invocations=70 (full 0):
 garbage-first heap   total 761856K, used 44639K [0x0000000600000000, 0x0000000800000000)
  region size 4096K, 2 young (8192K), 2 survivors (8192K)
 Metaspace       used 48592K, committed 49856K, reserved 1114112K
  class space    used 6559K, committed 7168K, reserved 1048576K
}
Event: 284.734 GC heap before
{Heap before GC invocations=70 (full 0):
 garbage-first heap   total 761856K, used 265823K [0x0000000600000000, 0x0000000800000000)
  region size 4096K, 56 young (229376K), 2 survivors (8192K)
 Metaspace       used 48604K, committed 49856K, reserved 1114112K
  class space    used 6559K, committed 7168K, reserved 1048576K
}
Event: 284.799 GC heap after
{Heap after GC invocations=71 (full 0):
 garbage-first heap   total 761856K, used 46460K [0x0000000600000000, 0x0000000800000000)
  region size 4096K, 2 young (8192K), 2 survivors (8192K)
 Metaspace       used 48604K, committed 49856K, reserved 1114112K
  class space    used 6559K, committed 7168K, reserved 1048576K
}
Event: 322.049 GC heap before
{Heap before GC invocations=71 (full 0):
 garbage-first heap   total 761856K, used 415100K [0x0000000600000000, 0x0000000800000000)
  region size 4096K, 92 young (376832K), 2 survivors (8192K)
 Metaspace       used 48606K, committed 49856K, reserved 1114112K
  class space    used 6559K, committed 7168K, reserved 1048576K
}
Event: 322.421 GC heap after
{Heap after GC invocations=72 (full 0):
 garbage-first heap   total 761856K, used 48679K [0x0000000600000000, 0x0000000800000000)
  region size 4096K, 3 young (12288K), 3 survivors (12288K)
 Metaspace       used 48606K, committed 49856K, reserved 1114112K
  class space    used 6559K, committed 7168K, reserved 1048576K
}
Event: 353.402 GC heap before
{Heap before GC invocations=72 (full 0):
 garbage-first heap   total 761856K, used 163367K [0x0000000600000000, 0x0000000800000000)
  region size 4096K, 31 young (126976K), 3 survivors (12288K)
 Metaspace       used 48607K, committed 49856K, reserved 1114112K
  class space    used 6559K, committed 7168K, reserved 1048576K
}
Event: 353.590 GC heap after
{Heap after GC invocations=73 (full 0):
 garbage-first heap   total 761856K, used 49207K [0x0000000600000000, 0x0000000800000000)
  region size 4096K, 3 young (12288K), 3 survivors (12288K)
 Metaspace       used 48607K, committed 49856K, reserved 1114112K
  class space    used 6559K, committed 7168K, reserved 1048576K
}
Event: 354.206 GC heap before
{Heap before GC invocations=73 (full 0):
 garbage-first heap   total 761856K, used 73783K [0x0000000600000000, 0x0000000800000000)
  region size 4096K, 9 young (36864K), 3 survivors (12288K)
 Metaspace       used 48607K, committed 49856K, reserved 1114112K
  class space    used 6559K, committed 7168K, reserved 1048576K
}
Event: 354.275 GC heap after
{Heap after GC invocations=74 (full 0):
 garbage-first heap   total 761856K, used 49689K [0x0000000600000000, 0x0000000800000000)
  region size 4096K, 1 young (4096K), 1 survivors (4096K)
 Metaspace       used 48607K, committed 49856K, reserved 1114112K
  class space    used 6559K, committed 7168K, reserved 1048576K
}
Event: 410.596 GC heap before
{Heap before GC invocations=74 (full 0):
 garbage-first heap   total 761856K, used 500249K [0x0000000600000000, 0x0000000800000000)
  region size 4096K, 111 young (454656K), 1 survivors (4096K)
 Metaspace       used 48629K, committed 49920K, reserved 1114112K
  class space    used 6559K, committed 7168K, reserved 1048576K
}
Event: 412.033 GC heap after
{Heap after GC invocations=75 (full 0):
 garbage-first heap   total 1028096K, used 52178K [0x0000000600000000, 0x0000000800000000)
  region size 4096K, 2 young (8192K), 2 survivors (8192K)
 Metaspace       used 48629K, committed 49920K, reserved 1114112K
  class space    used 6559K, committed 7168K, reserved 1048576K
}
Event: 412.387 GC heap before
{Heap before GC invocations=75 (full 0):
 garbage-first heap   total 1028096K, used 93138K [0x0000000600000000, 0x0000000800000000)
  region size 4096K, 12 young (49152K), 2 survivors (8192K)
 Metaspace       used 48629K, committed 49920K, reserved 1114112K
  class space    used 6559K, committed 7168K, reserved 1048576K
}
Event: 412.445 GC heap after
{Heap after GC invocations=76 (full 0):
 garbage-first heap   total 1028096K, used 52805K [0x0000000600000000, 0x0000000800000000)
  region size 4096K, 2 young (8192K), 2 survivors (8192K)
 Metaspace       used 48629K, committed 49920K, reserved 1114112K
  class space    used 6559K, committed 7168K, reserved 1048576K
}
Event: 412.755 GC heap before
{Heap before GC invocations=76 (full 0):
 garbage-first heap   total 1028096K, used 89669K [0x0000000600000000, 0x0000000800000000)
  region size 4096K, 12 young (49152K), 2 survivors (8192K)
 Metaspace       used 48629K, committed 49920K, reserved 1114112K
  class space    used 6559K, committed 7168K, reserved 1048576K
}
Event: 412.767 GC heap after
{Heap after GC invocations=77 (full 0):
 garbage-first heap   total 1028096K, used 52903K [0x0000000600000000, 0x0000000800000000)
  region size 4096K, 2 young (8192K), 2 survivors (8192K)
 Metaspace       used 48629K, committed 49920K, reserved 1114112K
  class space    used 6559K, committed 7168K, reserved 1048576K
}
Event: 413.111 GC heap before
{Heap before GC invocations=77 (full 0):
 garbage-first heap   total 1028096K, used 93863K [0x0000000600000000, 0x0000000800000000)
  region size 4096K, 12 young (49152K), 2 survivors (8192K)
 Metaspace       used 48629K, committed 49920K, reserved 1114112K
  class space    used 6559K, committed 7168K, reserved 1048576K
}
Event: 413.125 GC heap after
{Heap after GC invocations=78 (full 0):
 garbage-first heap   total 1028096K, used 53010K [0x0000000600000000, 0x0000000800000000)
  region size 4096K, 1 young (4096K), 1 survivors (4096K)
 Metaspace       used 48629K, committed 49920K, reserved 1114112K
  class space    used 6559K, committed 7168K, reserved 1048576K
}
Event: 414.050 GC heap before
{Heap before GC invocations=78 (full 0):
 garbage-first heap   total 1028096K, used 110354K [0x0000000600000000, 0x0000000800000000)
  region size 4096K, 15 young (61440K), 1 survivors (4096K)
 Metaspace       used 48631K, committed 49920K, reserved 1114112K
  class space    used 6559K, committed 7168K, reserved 1048576K
}

